Determining if the pthread_create exist failed with the following output:
Change Dir: /home/robot/dd2419_ws/build/assignment/CMakeFiles/CMakeTmp

Run Build Command:"/usr/bin/make" "cmTC_19d88/fast"
/usr/bin/make -f CMakeFiles/cmTC_19d88.dir/build.make CMakeFiles/cmTC_19d88.dir/build
make[1]: Entering directory '/home/robot/dd2419_ws/build/assignment/CMakeFiles/CMakeTmp'
Building C object CMakeFiles/cmTC_19d88.dir/CheckSymbolExists.c.o
/usr/bin/cc     -o CMakeFiles/cmTC_19d88.dir/CheckSymbolExists.c.o   -c /home/robot/dd2419_ws/build/assignment/CMakeFiles/CMakeTmp/CheckSymbolExists.c
Linking C executable cmTC_19d88
/usr/bin/cmake -E cmake_link_script CMakeFiles/cmTC_19d88.dir/link.txt --verbose=1
/usr/bin/cc       CMakeFiles/cmTC_19d88.dir/CheckSymbolExists.c.o  -o cmTC_19d88 -rdynamic 
CMakeFiles/cmTC_19d88.dir/CheckSymbolExists.c.o: In function `main':
CheckSymbolExists.c:(.text+0x16): undefined reference to `pthread_create'
collect2: error: ld returned 1 exit status
CMakeFiles/cmTC_19d88.dir/build.make:97: recipe for target 'cmTC_19d88' failed
make[1]: *** [cmTC_19d88] Error 1
make[1]: Leaving directory '/home/robot/dd2419_ws/build/assignment/CMakeFiles/CMakeTmp'
Makefile:126: recipe for target 'cmTC_19d88/fast' failed
make: *** [cmTC_19d88/fast] Error 2

File /home/robot/dd2419_ws/build/assignment/CMakeFiles/CMakeTmp/CheckSymbolExists.c:
/* */
#include <pthread.h>

int main(int argc, char** argv)
{
  (void)argv;
#ifndef pthread_create
  return ((int*)(&pthread_create))[argc];
#else
  (void)argc;
  return 0;
#endif
}

Determining if the function pthread_create exists in the pthreads failed with the following output:
Change Dir: /home/robot/dd2419_ws/build/assignment/CMakeFiles/CMakeTmp

Run Build Command:"/usr/bin/make" "cmTC_f849f/fast"
/usr/bin/make -f CMakeFiles/cmTC_f849f.dir/build.make CMakeFiles/cmTC_f849f.dir/build
make[1]: Entering directory '/home/robot/dd2419_ws/build/assignment/CMakeFiles/CMakeTmp'
Building C object CMakeFiles/cmTC_f849f.dir/CheckFunctionExists.c.o
/usr/bin/cc    -DCHECK_FUNCTION_EXISTS=pthread_create   -o CMakeFiles/cmTC_f849f.dir/CheckFunctionExists.c.o   -c /usr/share/cmake-3.5/Modules/CheckFunctionExists.c
Linking C executable cmTC_f849f
/usr/bin/cmake -E cmake_link_script CMakeFiles/cmTC_f849f.dir/link.txt --verbose=1
/usr/bin/cc   -DCHECK_FUNCTION_EXISTS=pthread_create    CMakeFiles/cmTC_f849f.dir/CheckFunctionExists.c.o  -o cmTC_f849f -rdynamic -lpthreads 
/usr/bin/ld: cannot find -lpthreads
collect2: error: ld returned 1 exit status
CMakeFiles/cmTC_f849f.dir/build.make:97: recipe for target 'cmTC_f849f' failed
make[1]: *** [cmTC_f849f] Error 1
make[1]: Leaving directory '/home/robot/dd2419_ws/build/assignment/CMakeFiles/CMakeTmp'
Makefile:126: recipe for target 'cmTC_f849f/fast' failed
make: *** [cmTC_f849f/fast] Error 2


