Determining if the pthread_create exist failed with the following output:
Change Dir: /home/robot/dd2419_ws/build/dd2419_simulation/CMakeFiles/CMakeTmp

Run Build Command:"/usr/bin/make" "cmTC_8717d/fast"
/usr/bin/make -f CMakeFiles/cmTC_8717d.dir/build.make CMakeFiles/cmTC_8717d.dir/build
make[1]: Entering directory '/home/robot/dd2419_ws/build/dd2419_simulation/CMakeFiles/CMakeTmp'
Building C object CMakeFiles/cmTC_8717d.dir/CheckSymbolExists.c.o
/usr/bin/cc     -o CMakeFiles/cmTC_8717d.dir/CheckSymbolExists.c.o   -c /home/robot/dd2419_ws/build/dd2419_simulation/CMakeFiles/CMakeTmp/CheckSymbolExists.c
Linking C executable cmTC_8717d
/usr/bin/cmake -E cmake_link_script CMakeFiles/cmTC_8717d.dir/link.txt --verbose=1
/usr/bin/cc       CMakeFiles/cmTC_8717d.dir/CheckSymbolExists.c.o  -o cmTC_8717d -rdynamic 
CMakeFiles/cmTC_8717d.dir/CheckSymbolExists.c.o: In function `main':
CheckSymbolExists.c:(.text+0x16): undefined reference to `pthread_create'
collect2: error: ld returned 1 exit status
CMakeFiles/cmTC_8717d.dir/build.make:97: recipe for target 'cmTC_8717d' failed
make[1]: *** [cmTC_8717d] Error 1
make[1]: Leaving directory '/home/robot/dd2419_ws/build/dd2419_simulation/CMakeFiles/CMakeTmp'
Makefile:126: recipe for target 'cmTC_8717d/fast' failed
make: *** [cmTC_8717d/fast] Error 2

File /home/robot/dd2419_ws/build/dd2419_simulation/CMakeFiles/CMakeTmp/CheckSymbolExists.c:
/* */
#include <pthread.h>

int main(int argc, char** argv)
{
  (void)argv;
#ifndef pthread_create
  return ((int*)(&pthread_create))[argc];
#else
  (void)argc;
  return 0;
#endif
}

Determining if the function pthread_create exists in the pthreads failed with the following output:
Change Dir: /home/robot/dd2419_ws/build/dd2419_simulation/CMakeFiles/CMakeTmp

Run Build Command:"/usr/bin/make" "cmTC_6cb4a/fast"
/usr/bin/make -f CMakeFiles/cmTC_6cb4a.dir/build.make CMakeFiles/cmTC_6cb4a.dir/build
make[1]: Entering directory '/home/robot/dd2419_ws/build/dd2419_simulation/CMakeFiles/CMakeTmp'
Building C object CMakeFiles/cmTC_6cb4a.dir/CheckFunctionExists.c.o
/usr/bin/cc    -DCHECK_FUNCTION_EXISTS=pthread_create   -o CMakeFiles/cmTC_6cb4a.dir/CheckFunctionExists.c.o   -c /usr/share/cmake-3.5/Modules/CheckFunctionExists.c
Linking C executable cmTC_6cb4a
/usr/bin/cmake -E cmake_link_script CMakeFiles/cmTC_6cb4a.dir/link.txt --verbose=1
/usr/bin/cc   -DCHECK_FUNCTION_EXISTS=pthread_create    CMakeFiles/cmTC_6cb4a.dir/CheckFunctionExists.c.o  -o cmTC_6cb4a -rdynamic -lpthreads 
/usr/bin/ld: cannot find -lpthreads
collect2: error: ld returned 1 exit status
CMakeFiles/cmTC_6cb4a.dir/build.make:97: recipe for target 'cmTC_6cb4a' failed
make[1]: *** [cmTC_6cb4a] Error 1
make[1]: Leaving directory '/home/robot/dd2419_ws/build/dd2419_simulation/CMakeFiles/CMakeTmp'
Makefile:126: recipe for target 'cmTC_6cb4a/fast' failed
make: *** [cmTC_6cb4a/fast] Error 2


