Determining if the pthread_create exist failed with the following output:
Change Dir: /home/robot/dd2419_ws/build/aruco_ros/CMakeFiles/CMakeTmp

Run Build Command:"/usr/bin/make" "cmTC_8a93d/fast"
/usr/bin/make -f CMakeFiles/cmTC_8a93d.dir/build.make CMakeFiles/cmTC_8a93d.dir/build
make[1]: Entering directory '/home/robot/dd2419_ws/build/aruco_ros/CMakeFiles/CMakeTmp'
Building C object CMakeFiles/cmTC_8a93d.dir/CheckSymbolExists.c.o
/usr/bin/cc     -o CMakeFiles/cmTC_8a93d.dir/CheckSymbolExists.c.o   -c /home/robot/dd2419_ws/build/aruco_ros/CMakeFiles/CMakeTmp/CheckSymbolExists.c
Linking C executable cmTC_8a93d
/usr/bin/cmake -E cmake_link_script CMakeFiles/cmTC_8a93d.dir/link.txt --verbose=1
/usr/bin/cc       CMakeFiles/cmTC_8a93d.dir/CheckSymbolExists.c.o  -o cmTC_8a93d -rdynamic 
CMakeFiles/cmTC_8a93d.dir/CheckSymbolExists.c.o: In function `main':
CheckSymbolExists.c:(.text+0x16): undefined reference to `pthread_create'
collect2: error: ld returned 1 exit status
CMakeFiles/cmTC_8a93d.dir/build.make:97: recipe for target 'cmTC_8a93d' failed
make[1]: *** [cmTC_8a93d] Error 1
make[1]: Leaving directory '/home/robot/dd2419_ws/build/aruco_ros/CMakeFiles/CMakeTmp'
Makefile:126: recipe for target 'cmTC_8a93d/fast' failed
make: *** [cmTC_8a93d/fast] Error 2

File /home/robot/dd2419_ws/build/aruco_ros/CMakeFiles/CMakeTmp/CheckSymbolExists.c:
/* */
#include <pthread.h>

int main(int argc, char** argv)
{
  (void)argv;
#ifndef pthread_create
  return ((int*)(&pthread_create))[argc];
#else
  (void)argc;
  return 0;
#endif
}

Determining if the function pthread_create exists in the pthreads failed with the following output:
Change Dir: /home/robot/dd2419_ws/build/aruco_ros/CMakeFiles/CMakeTmp

Run Build Command:"/usr/bin/make" "cmTC_3e598/fast"
/usr/bin/make -f CMakeFiles/cmTC_3e598.dir/build.make CMakeFiles/cmTC_3e598.dir/build
make[1]: Entering directory '/home/robot/dd2419_ws/build/aruco_ros/CMakeFiles/CMakeTmp'
Building C object CMakeFiles/cmTC_3e598.dir/CheckFunctionExists.c.o
/usr/bin/cc    -DCHECK_FUNCTION_EXISTS=pthread_create   -o CMakeFiles/cmTC_3e598.dir/CheckFunctionExists.c.o   -c /usr/share/cmake-3.5/Modules/CheckFunctionExists.c
Linking C executable cmTC_3e598
/usr/bin/cmake -E cmake_link_script CMakeFiles/cmTC_3e598.dir/link.txt --verbose=1
/usr/bin/cc   -DCHECK_FUNCTION_EXISTS=pthread_create    CMakeFiles/cmTC_3e598.dir/CheckFunctionExists.c.o  -o cmTC_3e598 -rdynamic -lpthreads 
/usr/bin/ld: cannot find -lpthreads
collect2: error: ld returned 1 exit status
CMakeFiles/cmTC_3e598.dir/build.make:97: recipe for target 'cmTC_3e598' failed
make[1]: *** [cmTC_3e598] Error 1
make[1]: Leaving directory '/home/robot/dd2419_ws/build/aruco_ros/CMakeFiles/CMakeTmp'
Makefile:126: recipe for target 'cmTC_3e598/fast' failed
make: *** [cmTC_3e598/fast] Error 2


