[  0%] Built target std_msgs_generate_messages_cpp
[  0%] Built target _crazyflie_driver_generate_messages_check_deps_crtpPacket
[  0%] Built target _crazyflie_driver_generate_messages_check_deps_SetGroupMask
[  0%] Built target _crazyflie_driver_generate_messages_check_deps_Takeoff
[  0%] Built target _crazyflie_driver_generate_messages_check_deps_RemoveCrazyflie
[  0%] Built target _crazyflie_driver_generate_messages_check_deps_Position
[  0%] Built target _crazyflie_driver_generate_messages_check_deps_sendPacket
[  0%] Built target _crazyflie_driver_generate_messages_check_deps_AddCrazyflie
[  0%] Built target _crazyflie_driver_generate_messages_check_deps_UpdateParams
[  0%] Built target _crazyflie_driver_generate_messages_check_deps_TrajectoryPolynomialPiece
[  0%] Built target _crazyflie_driver_generate_messages_check_deps_FullState
[  0%] Built target _crazyflie_driver_generate_messages_check_deps_StartTrajectory
[  0%] Built target geometry_msgs_generate_messages_cpp
[  0%] Built target _crazyflie_driver_generate_messages_check_deps_LogBlock
[  0%] Built target _crazyflie_driver_generate_messages_check_deps_Land
[  0%] Built target _crazyflie_driver_generate_messages_check_deps_UploadTrajectory
[  0%] Built target _crazyflie_driver_generate_messages_check_deps_Hover
[  0%] Built target _crazyflie_driver_generate_messages_check_deps_Stop
[  0%] Built target std_msgs_generate_messages_py
[  0%] Built target geometry_msgs_generate_messages_nodejs
[  0%] Built target geometry_msgs_generate_messages_py
[  0%] Built target _crazyflie_driver_generate_messages_check_deps_GenericLogData
[  0%] Built target _crazyflie_driver_generate_messages_check_deps_GoTo
[  0%] Built target std_msgs_generate_messages_nodejs
[  0%] Built target geometry_msgs_generate_messages_lisp
[  0%] Built target geometry_msgs_generate_messages_eus
[  0%] Built target std_msgs_generate_messages_lisp
[  0%] Built target std_msgs_generate_messages_eus
[ 20%] Built target crazyflie_driver_generate_messages_py
[ 39%] Built target crazyflie_driver_generate_messages_cpp
[ 58%] Built target crazyflie_driver_generate_messages_nodejs
[ 76%] Built target crazyflie_driver_generate_messages_lisp
[ 96%] Built target crazyflie_driver_generate_messages_eus
[ 97%] Built target crazyflie_add
[100%] Built target crazyflie_server
[100%] Built target crazyflie_driver_generate_messages
